<?xml version="1.0" encoding="utf-8"?><testsuites><testsuite name="pytest" errors="0" failures="0" skipped="0" tests="12" time="0.207" timestamp="2026-05-22T11:42:00.496776" hostname="betheln-HP-Pavilion-Laptop-15t-eg300"><testcase classname="delivery_robot.test.test_delivery_mission.TestYawToQuaternion" name="test_zero_yaw" time="0.000" /><testcase classname="delivery_robot.test.test_delivery_mission.TestYawToQuaternion" name="test_180_deg" time="0.000" /><testcase classname="delivery_robot.test.test_delivery_mission.TestYawToQuaternion" name="test_90_deg" time="0.000" /><testcase classname="delivery_robot.test.test_delivery_mission.TestYawToQuaternion" name="test_unit_quaternion" time="0.000" /><testcase classname="delivery_robot.test.test_delivery_mission.TestYawToQuaternion" name="test_negative_yaw" time="0.000" /><testcase classname="delivery_robot.test.test_delivery_mission.TestDeliveryRooms" name="test_base_exists" time="0.000" /><testcase classname="delivery_robot.test.test_delivery_mission.TestDeliveryRooms" name="test_all_rooms_have_three_coords" time="0.000" /><testcase classname="delivery_robot.test.test_delivery_mission.TestDeliveryRooms" name="test_room_coords_are_numeric" time="0.000" /><testcase classname="delivery_robot.test.test_delivery_mission.TestDeliveryRooms" name="test_yaw_in_degree_range" time="0.000" /><testcase classname="delivery_robot.test.test_delivery_mission.TestDeliveryRooms" name="test_base_near_origin" time="0.000" /><testcase classname="delivery_robot.test.test_delivery_mission.TestDeliveryRooms" name="test_room_names_are_strings" time="0.000" /><testcase classname="delivery_robot.test.test_delivery_mission.TestDeliveryRooms" name="test_room_positions_within_world" time="0.000" /></testsuite></testsuites>